[04/06/15 21:35:53 <module> ./bild.py:20 bilder.py:124] platform=darwin
[04/06/15 21:35:53 <module> ./bild.py:20 bilder.py:125] jdk={'1.6': '/System/Library/Java/JavaVirtualMachines/1.6.0.jdk/Contents/Home', '1.8': '/Library/Java/JavaVirtualMachines/jdk1.8.0_40.jdk/Contents/Home'}
[04/06/15 21:35:53] require compile
[04/06/15 21:35:53 require ./bild.py:82 bilder.py:422] require compile
[04/06/15 21:35:53] require parser
[04/06/15 21:35:53 require ./bild.py:30 bilder.py:422] require parser
[04/06/15 21:35:53] build compile
[04/06/15 21:35:53 require ./bild.py:30 bilder.py:430] build compile
[04/06/15 21:35:53 javac ./bild.py:31 bilder.py:503] 1.8.0_40
[04/06/15 21:35:53 javac ./bild.py:31 bilder.py:511] /Library/Java/JavaVirtualMachines/jdk1.8.0_40.jdk/Contents/Home/bin/javac -d /Users/Shuai/Dropbox/cs652/syuanivy-vtable/out -cp src:gen:out:resources:/Users/Shuai/.bild/jars/antlr-4.5-complete.jar /Users/Shuai/Dropbox/cs652/syuanivy-vtable/src/cs652/j/semantics/JPrimitiveType.java /Users/Shuai/Dropbox/cs652/syuanivy-vtable/src/cs652/j/semantics/ComputeTypes.java /Users/Shuai/Dropbox/cs652/syuanivy-vtable/src/cs652/j/semantics/SetScopes.java /Users/Shuai/Dropbox/cs652/syuanivy-vtable/src/cs652/j/codegen/CodeGenerator.java /Users/Shuai/Dropbox/cs652/syuanivy-vtable/src/cs652/j/semantics/DefineScopesAndSymbols.java
[04/06/15 21:35:55] build tests
[04/06/15 21:35:55 require ./bild.py:82 bilder.py:430] build tests
[04/06/15 21:35:55 test ./bild.py:84 bild.py:55] TEST tests/cs652/j/Args.j
[04/06/15 21:35:55 java ./bild.py:64 bilder.py:485] java -cp out:resources:/Users/Shuai/.bild/jars/antlr-4.5-complete.jar cs652.j.JTran -o /tmp/Args.c tests/cs652/j/Args.j
[04/06/15 21:35:55 test ./bild.py:84 bilder.py:67] gcc -o /tmp/Args /tmp/Args.c
[04/06/15 21:35:56 test ./bild.py:84 bild.py:68] /tmp/Args &> /tmp/Args.txt
[04/06/15 21:35:56 test ./bild.py:84 bilder.py:73] gindent -bap -bad -br -nce -ncs -nprs -npcs -sai -saw -di1 -brs -blf --indent-level4 -nut -sob -l200 /tmp/Args.c
[04/06/15 21:35:56 test ./bild.py:84 bilder.py:75] gindent -bap -bad -br -nce -ncs -nprs -npcs -sai -saw -di1 -brs -blf --indent-level4 -nut -sob -l200 tests/cs652/j/Args.c -o /tmp/expected_Args.c
[04/06/15 21:35:56 test ./bild.py:84 bilder.py:76] diff /tmp/expected_Args.c /tmp/Args.c
[04/06/15 21:35:56 test ./bild.py:84 bilder.py:78] diff tests/cs652/j/Args.txt /tmp/Args.txt
[04/06/15 21:35:56 test ./bild.py:84 bild.py:55] TEST tests/cs652/j/Assign.j
[04/06/15 21:35:56 java ./bild.py:64 bilder.py:485] java -cp out:resources:/Users/Shuai/.bild/jars/antlr-4.5-complete.jar cs652.j.JTran -o /tmp/Assign.c tests/cs652/j/Assign.j
[04/06/15 21:35:57 test ./bild.py:84 bilder.py:67] gcc -o /tmp/Assign /tmp/Assign.c
[04/06/15 21:35:57 test ./bild.py:84 bild.py:68] /tmp/Assign &> /tmp/Assign.txt
[04/06/15 21:35:57 test ./bild.py:84 bilder.py:73] gindent -bap -bad -br -nce -ncs -nprs -npcs -sai -saw -di1 -brs -blf --indent-level4 -nut -sob -l200 /tmp/Assign.c
[04/06/15 21:35:57 test ./bild.py:84 bilder.py:75] gindent -bap -bad -br -nce -ncs -nprs -npcs -sai -saw -di1 -brs -blf --indent-level4 -nut -sob -l200 tests/cs652/j/Assign.c -o /tmp/expected_Assign.c
[04/06/15 21:35:57 test ./bild.py:84 bilder.py:76] diff /tmp/expected_Assign.c /tmp/Assign.c
[04/06/15 21:35:57 test ./bild.py:84 bilder.py:78] diff tests/cs652/j/Assign.txt /tmp/Assign.txt
[04/06/15 21:35:57 test ./bild.py:84 bild.py:55] TEST tests/cs652/j/AssignFromCall.j
[04/06/15 21:35:57 java ./bild.py:64 bilder.py:485] java -cp out:resources:/Users/Shuai/.bild/jars/antlr-4.5-complete.jar cs652.j.JTran -o /tmp/AssignFromCall.c tests/cs652/j/AssignFromCall.j
[04/06/15 21:35:57 test ./bild.py:84 bilder.py:67] gcc -o /tmp/AssignFromCall /tmp/AssignFromCall.c
[04/06/15 21:35:58 test ./bild.py:84 bild.py:68] /tmp/AssignFromCall &> /tmp/AssignFromCall.txt
[04/06/15 21:35:58 test ./bild.py:84 bilder.py:73] gindent -bap -bad -br -nce -ncs -nprs -npcs -sai -saw -di1 -brs -blf --indent-level4 -nut -sob -l200 /tmp/AssignFromCall.c
[04/06/15 21:35:58 test ./bild.py:84 bilder.py:75] gindent -bap -bad -br -nce -ncs -nprs -npcs -sai -saw -di1 -brs -blf --indent-level4 -nut -sob -l200 tests/cs652/j/AssignFromCall.c -o /tmp/expected_AssignFromCall.c
[04/06/15 21:35:58 test ./bild.py:84 bilder.py:76] diff /tmp/expected_AssignFromCall.c /tmp/AssignFromCall.c
[04/06/15 21:35:58 test ./bild.py:84 bilder.py:78] diff tests/cs652/j/AssignFromCall.txt /tmp/AssignFromCall.txt
[04/06/15 21:35:58 test ./bild.py:84 bild.py:55] TEST tests/cs652/j/Fields.j
[04/06/15 21:35:58 java ./bild.py:64 bilder.py:485] java -cp out:resources:/Users/Shuai/.bild/jars/antlr-4.5-complete.jar cs652.j.JTran -o /tmp/Fields.c tests/cs652/j/Fields.j
[04/06/15 21:35:58 test ./bild.py:84 bilder.py:67] gcc -o /tmp/Fields /tmp/Fields.c
[04/06/15 21:35:58 test ./bild.py:84 bild.py:68] /tmp/Fields &> /tmp/Fields.txt
[04/06/15 21:35:58 test ./bild.py:84 bilder.py:73] gindent -bap -bad -br -nce -ncs -nprs -npcs -sai -saw -di1 -brs -blf --indent-level4 -nut -sob -l200 /tmp/Fields.c
[04/06/15 21:35:58 test ./bild.py:84 bilder.py:75] gindent -bap -bad -br -nce -ncs -nprs -npcs -sai -saw -di1 -brs -blf --indent-level4 -nut -sob -l200 tests/cs652/j/Fields.c -o /tmp/expected_Fields.c
[04/06/15 21:35:58 test ./bild.py:84 bilder.py:76] diff /tmp/expected_Fields.c /tmp/Fields.c
[04/06/15 21:35:58 test ./bild.py:84 bilder.py:78] diff tests/cs652/j/Fields.txt /tmp/Fields.txt
[04/06/15 21:35:58 test ./bild.py:84 bild.py:55] TEST tests/cs652/j/FieldsFromOutside.j
[04/06/15 21:35:58 java ./bild.py:64 bilder.py:485] java -cp out:resources:/Users/Shuai/.bild/jars/antlr-4.5-complete.jar cs652.j.JTran -o /tmp/FieldsFromOutside.c tests/cs652/j/FieldsFromOutside.j
[04/06/15 21:35:59 test ./bild.py:84 bilder.py:67] gcc -o /tmp/FieldsFromOutside /tmp/FieldsFromOutside.c
[04/06/15 21:35:59 test ./bild.py:84 bild.py:68] /tmp/FieldsFromOutside &> /tmp/FieldsFromOutside.txt
[04/06/15 21:35:59 test ./bild.py:84 bilder.py:73] gindent -bap -bad -br -nce -ncs -nprs -npcs -sai -saw -di1 -brs -blf --indent-level4 -nut -sob -l200 /tmp/FieldsFromOutside.c
[04/06/15 21:35:59 test ./bild.py:84 bilder.py:75] gindent -bap -bad -br -nce -ncs -nprs -npcs -sai -saw -di1 -brs -blf --indent-level4 -nut -sob -l200 tests/cs652/j/FieldsFromOutside.c -o /tmp/expected_FieldsFromOutside.c
[04/06/15 21:35:59 test ./bild.py:84 bilder.py:76] diff /tmp/expected_FieldsFromOutside.c /tmp/FieldsFromOutside.c
[04/06/15 21:35:59 test ./bild.py:84 bilder.py:78] diff tests/cs652/j/FieldsFromOutside.txt /tmp/FieldsFromOutside.txt
[04/06/15 21:35:59 test ./bild.py:84 bild.py:55] TEST tests/cs652/j/if.j
[04/06/15 21:35:59 java ./bild.py:64 bilder.py:485] java -cp out:resources:/Users/Shuai/.bild/jars/antlr-4.5-complete.jar cs652.j.JTran -o /tmp/if.c tests/cs652/j/if.j
[04/06/15 21:35:59 test ./bild.py:84 bilder.py:67] gcc -o /tmp/if /tmp/if.c
[04/06/15 21:35:59 test ./bild.py:84 bild.py:68] /tmp/if &> /tmp/if.txt
[04/06/15 21:35:59 test ./bild.py:84 bilder.py:73] gindent -bap -bad -br -nce -ncs -nprs -npcs -sai -saw -di1 -brs -blf --indent-level4 -nut -sob -l200 /tmp/if.c
[04/06/15 21:35:59 test ./bild.py:84 bilder.py:75] gindent -bap -bad -br -nce -ncs -nprs -npcs -sai -saw -di1 -brs -blf --indent-level4 -nut -sob -l200 tests/cs652/j/if.c -o /tmp/expected_if.c
[04/06/15 21:35:59 test ./bild.py:84 bilder.py:76] diff /tmp/expected_if.c /tmp/if.c
[04/06/15 21:35:59 test ./bild.py:84 bilder.py:78] diff tests/cs652/j/if.txt /tmp/if.txt
[04/06/15 21:35:59 test ./bild.py:84 bild.py:55] TEST tests/cs652/j/ifelse.j
[04/06/15 21:35:59 java ./bild.py:64 bilder.py:485] java -cp out:resources:/Users/Shuai/.bild/jars/antlr-4.5-complete.jar cs652.j.JTran -o /tmp/ifelse.c tests/cs652/j/ifelse.j
[04/06/15 21:36:00 test ./bild.py:84 bilder.py:67] gcc -o /tmp/ifelse /tmp/ifelse.c
[04/06/15 21:36:00 test ./bild.py:84 bild.py:68] /tmp/ifelse &> /tmp/ifelse.txt
[04/06/15 21:36:00 test ./bild.py:84 bilder.py:73] gindent -bap -bad -br -nce -ncs -nprs -npcs -sai -saw -di1 -brs -blf --indent-level4 -nut -sob -l200 /tmp/ifelse.c
[04/06/15 21:36:00 test ./bild.py:84 bilder.py:75] gindent -bap -bad -br -nce -ncs -nprs -npcs -sai -saw -di1 -brs -blf --indent-level4 -nut -sob -l200 tests/cs652/j/ifelse.c -o /tmp/expected_ifelse.c
[04/06/15 21:36:00 test ./bild.py:84 bilder.py:76] diff /tmp/expected_ifelse.c /tmp/ifelse.c
[04/06/15 21:36:00 test ./bild.py:84 bilder.py:78] diff tests/cs652/j/ifelse.txt /tmp/ifelse.txt
[04/06/15 21:36:00 test ./bild.py:84 bild.py:55] TEST tests/cs652/j/Inherit.j
[04/06/15 21:36:00 java ./bild.py:64 bilder.py:485] java -cp out:resources:/Users/Shuai/.bild/jars/antlr-4.5-complete.jar cs652.j.JTran -o /tmp/Inherit.c tests/cs652/j/Inherit.j
[04/06/15 21:36:01 test ./bild.py:84 bilder.py:67] gcc -o /tmp/Inherit /tmp/Inherit.c
[04/06/15 21:36:01 test ./bild.py:84 bild.py:68] /tmp/Inherit &> /tmp/Inherit.txt
[04/06/15 21:36:01 test ./bild.py:84 bilder.py:73] gindent -bap -bad -br -nce -ncs -nprs -npcs -sai -saw -di1 -brs -blf --indent-level4 -nut -sob -l200 /tmp/Inherit.c
[04/06/15 21:36:01 test ./bild.py:84 bilder.py:75] gindent -bap -bad -br -nce -ncs -nprs -npcs -sai -saw -di1 -brs -blf --indent-level4 -nut -sob -l200 tests/cs652/j/Inherit.c -o /tmp/expected_Inherit.c
[04/06/15 21:36:01 test ./bild.py:84 bilder.py:76] diff /tmp/expected_Inherit.c /tmp/Inherit.c
[04/06/15 21:36:01 test ./bild.py:84 bilder.py:78] diff tests/cs652/j/Inherit.txt /tmp/Inherit.txt
[04/06/15 21:36:01 test ./bild.py:84 bild.py:55] TEST tests/cs652/j/InheritFields.j
[04/06/15 21:36:01 java ./bild.py:64 bilder.py:485] java -cp out:resources:/Users/Shuai/.bild/jars/antlr-4.5-complete.jar cs652.j.JTran -o /tmp/InheritFields.c tests/cs652/j/InheritFields.j
[04/06/15 21:36:01 test ./bild.py:84 bilder.py:67] gcc -o /tmp/InheritFields /tmp/InheritFields.c
[04/06/15 21:36:01 test ./bild.py:84 bild.py:68] /tmp/InheritFields &> /tmp/InheritFields.txt
[04/06/15 21:36:01 test ./bild.py:84 bilder.py:73] gindent -bap -bad -br -nce -ncs -nprs -npcs -sai -saw -di1 -brs -blf --indent-level4 -nut -sob -l200 /tmp/InheritFields.c
[04/06/15 21:36:01 test ./bild.py:84 bilder.py:75] gindent -bap -bad -br -nce -ncs -nprs -npcs -sai -saw -di1 -brs -blf --indent-level4 -nut -sob -l200 tests/cs652/j/InheritFields.c -o /tmp/expected_InheritFields.c
[04/06/15 21:36:01 test ./bild.py:84 bilder.py:76] diff /tmp/expected_InheritFields.c /tmp/InheritFields.c
[04/06/15 21:36:01 test ./bild.py:84 bilder.py:78] diff tests/cs652/j/InheritFields.txt /tmp/InheritFields.txt
[04/06/15 21:36:01 test ./bild.py:84 bild.py:55] TEST tests/cs652/j/InheritFields3Level.j
[04/06/15 21:36:01 java ./bild.py:64 bilder.py:485] java -cp out:resources:/Users/Shuai/.bild/jars/antlr-4.5-complete.jar cs652.j.JTran -o /tmp/InheritFields3Level.c tests/cs652/j/InheritFields3Level.j
[04/06/15 21:36:02 test ./bild.py:84 bilder.py:67] gcc -o /tmp/InheritFields3Level /tmp/InheritFields3Level.c
[04/06/15 21:36:02 test ./bild.py:84 bild.py:68] /tmp/InheritFields3Level &> /tmp/InheritFields3Level.txt
[04/06/15 21:36:02 test ./bild.py:84 bilder.py:73] gindent -bap -bad -br -nce -ncs -nprs -npcs -sai -saw -di1 -brs -blf --indent-level4 -nut -sob -l200 /tmp/InheritFields3Level.c
[04/06/15 21:36:02 test ./bild.py:84 bilder.py:75] gindent -bap -bad -br -nce -ncs -nprs -npcs -sai -saw -di1 -brs -blf --indent-level4 -nut -sob -l200 tests/cs652/j/InheritFields3Level.c -o /tmp/expected_InheritFields3Level.c
[04/06/15 21:36:02 test ./bild.py:84 bilder.py:76] diff /tmp/expected_InheritFields3Level.c /tmp/InheritFields3Level.c
[04/06/15 21:36:02 test ./bild.py:84 bilder.py:78] diff tests/cs652/j/InheritFields3Level.txt /tmp/InheritFields3Level.txt
[04/06/15 21:36:02 test ./bild.py:84 bild.py:55] TEST tests/cs652/j/InheritFieldTestInMethod.j
[04/06/15 21:36:02 java ./bild.py:64 bilder.py:485] java -cp out:resources:/Users/Shuai/.bild/jars/antlr-4.5-complete.jar cs652.j.JTran -o /tmp/InheritFieldTestInMethod.c tests/cs652/j/InheritFieldTestInMethod.j
[04/06/15 21:36:02 test ./bild.py:84 bilder.py:67] gcc -o /tmp/InheritFieldTestInMethod /tmp/InheritFieldTestInMethod.c
[04/06/15 21:36:03 test ./bild.py:84 bild.py:68] /tmp/InheritFieldTestInMethod &> /tmp/InheritFieldTestInMethod.txt
[04/06/15 21:36:03 test ./bild.py:84 bilder.py:73] gindent -bap -bad -br -nce -ncs -nprs -npcs -sai -saw -di1 -brs -blf --indent-level4 -nut -sob -l200 /tmp/InheritFieldTestInMethod.c
[04/06/15 21:36:03 test ./bild.py:84 bilder.py:75] gindent -bap -bad -br -nce -ncs -nprs -npcs -sai -saw -di1 -brs -blf --indent-level4 -nut -sob -l200 tests/cs652/j/InheritFieldTestInMethod.c -o /tmp/expected_InheritFieldTestInMethod.c
[04/06/15 21:36:03 test ./bild.py:84 bilder.py:76] diff /tmp/expected_InheritFieldTestInMethod.c /tmp/InheritFieldTestInMethod.c
[04/06/15 21:36:03 test ./bild.py:84 bilder.py:78] diff tests/cs652/j/InheritFieldTestInMethod.txt /tmp/InheritFieldTestInMethod.txt
[04/06/15 21:36:03 test ./bild.py:84 bild.py:55] TEST tests/cs652/j/InheritMethods3Level.j
[04/06/15 21:36:03 java ./bild.py:64 bilder.py:485] java -cp out:resources:/Users/Shuai/.bild/jars/antlr-4.5-complete.jar cs652.j.JTran -o /tmp/InheritMethods3Level.c tests/cs652/j/InheritMethods3Level.j
[04/06/15 21:36:03 test ./bild.py:84 bilder.py:67] gcc -o /tmp/InheritMethods3Level /tmp/InheritMethods3Level.c
[04/06/15 21:36:03 test ./bild.py:84 bild.py:68] /tmp/InheritMethods3Level &> /tmp/InheritMethods3Level.txt
[04/06/15 21:36:03 test ./bild.py:84 bilder.py:73] gindent -bap -bad -br -nce -ncs -nprs -npcs -sai -saw -di1 -brs -blf --indent-level4 -nut -sob -l200 /tmp/InheritMethods3Level.c
[04/06/15 21:36:03 test ./bild.py:84 bilder.py:75] gindent -bap -bad -br -nce -ncs -nprs -npcs -sai -saw -di1 -brs -blf --indent-level4 -nut -sob -l200 tests/cs652/j/InheritMethods3Level.c -o /tmp/expected_InheritMethods3Level.c
[04/06/15 21:36:03 test ./bild.py:84 bilder.py:76] diff /tmp/expected_InheritMethods3Level.c /tmp/InheritMethods3Level.c
[04/06/15 21:36:03 test ./bild.py:84 bilder.py:78] diff tests/cs652/j/InheritMethods3Level.txt /tmp/InheritMethods3Level.txt
[04/06/15 21:36:03 test ./bild.py:84 bild.py:55] TEST tests/cs652/j/Lots.j
[04/06/15 21:36:03 java ./bild.py:64 bilder.py:485] java -cp out:resources:/Users/Shuai/.bild/jars/antlr-4.5-complete.jar cs652.j.JTran -o /tmp/Lots.c tests/cs652/j/Lots.j
[04/06/15 21:36:04 test ./bild.py:84 bilder.py:67] gcc -o /tmp/Lots /tmp/Lots.c
[04/06/15 21:36:04 test ./bild.py:84 bild.py:68] /tmp/Lots &> /tmp/Lots.txt
[04/06/15 21:36:04 test ./bild.py:84 bilder.py:73] gindent -bap -bad -br -nce -ncs -nprs -npcs -sai -saw -di1 -brs -blf --indent-level4 -nut -sob -l200 /tmp/Lots.c
[04/06/15 21:36:04 test ./bild.py:84 bilder.py:75] gindent -bap -bad -br -nce -ncs -nprs -npcs -sai -saw -di1 -brs -blf --indent-level4 -nut -sob -l200 tests/cs652/j/Lots.c -o /tmp/expected_Lots.c
[04/06/15 21:36:04 test ./bild.py:84 bilder.py:76] diff /tmp/expected_Lots.c /tmp/Lots.c
[04/06/15 21:36:04 test ./bild.py:84 bilder.py:78] diff tests/cs652/j/Lots.txt /tmp/Lots.txt
[04/06/15 21:36:04 test ./bild.py:84 bild.py:55] TEST tests/cs652/j/Method.j
[04/06/15 21:36:04 java ./bild.py:64 bilder.py:485] java -cp out:resources:/Users/Shuai/.bild/jars/antlr-4.5-complete.jar cs652.j.JTran -o /tmp/Method.c tests/cs652/j/Method.j
[04/06/15 21:36:04 test ./bild.py:84 bilder.py:67] gcc -o /tmp/Method /tmp/Method.c
[04/06/15 21:36:04 test ./bild.py:84 bild.py:68] /tmp/Method &> /tmp/Method.txt
[04/06/15 21:36:04 test ./bild.py:84 bilder.py:73] gindent -bap -bad -br -nce -ncs -nprs -npcs -sai -saw -di1 -brs -blf --indent-level4 -nut -sob -l200 /tmp/Method.c
[04/06/15 21:36:04 test ./bild.py:84 bilder.py:75] gindent -bap -bad -br -nce -ncs -nprs -npcs -sai -saw -di1 -brs -blf --indent-level4 -nut -sob -l200 tests/cs652/j/Method.c -o /tmp/expected_Method.c
[04/06/15 21:36:04 test ./bild.py:84 bilder.py:76] diff /tmp/expected_Method.c /tmp/Method.c
[04/06/15 21:36:04 test ./bild.py:84 bilder.py:78] diff tests/cs652/j/Method.txt /tmp/Method.txt
[04/06/15 21:36:04 test ./bild.py:84 bild.py:55] TEST tests/cs652/j/MultiMethods.j
[04/06/15 21:36:04 java ./bild.py:64 bilder.py:485] java -cp out:resources:/Users/Shuai/.bild/jars/antlr-4.5-complete.jar cs652.j.JTran -o /tmp/MultiMethods.c tests/cs652/j/MultiMethods.j
[04/06/15 21:36:05 test ./bild.py:84 bilder.py:67] gcc -o /tmp/MultiMethods /tmp/MultiMethods.c
[04/06/15 21:36:05 test ./bild.py:84 bild.py:68] /tmp/MultiMethods &> /tmp/MultiMethods.txt
[04/06/15 21:36:05 test ./bild.py:84 bilder.py:73] gindent -bap -bad -br -nce -ncs -nprs -npcs -sai -saw -di1 -brs -blf --indent-level4 -nut -sob -l200 /tmp/MultiMethods.c
[04/06/15 21:36:05 test ./bild.py:84 bilder.py:75] gindent -bap -bad -br -nce -ncs -nprs -npcs -sai -saw -di1 -brs -blf --indent-level4 -nut -sob -l200 tests/cs652/j/MultiMethods.c -o /tmp/expected_MultiMethods.c
[04/06/15 21:36:05 test ./bild.py:84 bilder.py:76] diff /tmp/expected_MultiMethods.c /tmp/MultiMethods.c
[04/06/15 21:36:05 test ./bild.py:84 bilder.py:78] diff tests/cs652/j/MultiMethods.txt /tmp/MultiMethods.txt
[04/06/15 21:36:05 test ./bild.py:84 bild.py:55] TEST tests/cs652/j/null.j
[04/06/15 21:36:05 java ./bild.py:64 bilder.py:485] java -cp out:resources:/Users/Shuai/.bild/jars/antlr-4.5-complete.jar cs652.j.JTran -o /tmp/null.c tests/cs652/j/null.j
[04/06/15 21:36:06 test ./bild.py:84 bilder.py:67] gcc -o /tmp/null /tmp/null.c
[04/06/15 21:36:06 test ./bild.py:84 bild.py:68] /tmp/null &> /tmp/null.txt
[04/06/15 21:36:06 test ./bild.py:84 bilder.py:73] gindent -bap -bad -br -nce -ncs -nprs -npcs -sai -saw -di1 -brs -blf --indent-level4 -nut -sob -l200 /tmp/null.c
[04/06/15 21:36:06 test ./bild.py:84 bilder.py:75] gindent -bap -bad -br -nce -ncs -nprs -npcs -sai -saw -di1 -brs -blf --indent-level4 -nut -sob -l200 tests/cs652/j/null.c -o /tmp/expected_null.c
[04/06/15 21:36:06 test ./bild.py:84 bilder.py:76] diff /tmp/expected_null.c /tmp/null.c
[04/06/15 21:36:06 test ./bild.py:84 bilder.py:78] diff tests/cs652/j/null.txt /tmp/null.txt
[04/06/15 21:36:06 test ./bild.py:84 bild.py:55] TEST tests/cs652/j/polymorph.j
[04/06/15 21:36:06 java ./bild.py:64 bilder.py:485] java -cp out:resources:/Users/Shuai/.bild/jars/antlr-4.5-complete.jar cs652.j.JTran -o /tmp/polymorph.c tests/cs652/j/polymorph.j
[04/06/15 21:36:06 test ./bild.py:84 bilder.py:67] gcc -o /tmp/polymorph /tmp/polymorph.c
[04/06/15 21:36:06 test ./bild.py:84 bild.py:68] /tmp/polymorph &> /tmp/polymorph.txt
[04/06/15 21:36:06 test ./bild.py:84 bilder.py:73] gindent -bap -bad -br -nce -ncs -nprs -npcs -sai -saw -di1 -brs -blf --indent-level4 -nut -sob -l200 /tmp/polymorph.c
[04/06/15 21:36:06 test ./bild.py:84 bilder.py:75] gindent -bap -bad -br -nce -ncs -nprs -npcs -sai -saw -di1 -brs -blf --indent-level4 -nut -sob -l200 tests/cs652/j/polymorph.c -o /tmp/expected_polymorph.c
[04/06/15 21:36:06 test ./bild.py:84 bilder.py:76] diff /tmp/expected_polymorph.c /tmp/polymorph.c
[04/06/15 21:36:06 test ./bild.py:84 bilder.py:78] diff tests/cs652/j/polymorph.txt /tmp/polymorph.txt
[04/06/15 21:36:06 test ./bild.py:84 bild.py:55] TEST tests/cs652/j/print.j
[04/06/15 21:36:06 java ./bild.py:64 bilder.py:485] java -cp out:resources:/Users/Shuai/.bild/jars/antlr-4.5-complete.jar cs652.j.JTran -o /tmp/print.c tests/cs652/j/print.j
[04/06/15 21:36:07 test ./bild.py:84 bilder.py:67] gcc -o /tmp/print /tmp/print.c
[04/06/15 21:36:07 test ./bild.py:84 bild.py:68] /tmp/print &> /tmp/print.txt
[04/06/15 21:36:07 test ./bild.py:84 bilder.py:73] gindent -bap -bad -br -nce -ncs -nprs -npcs -sai -saw -di1 -brs -blf --indent-level4 -nut -sob -l200 /tmp/print.c
[04/06/15 21:36:07 test ./bild.py:84 bilder.py:75] gindent -bap -bad -br -nce -ncs -nprs -npcs -sai -saw -di1 -brs -blf --indent-level4 -nut -sob -l200 tests/cs652/j/print.c -o /tmp/expected_print.c
[04/06/15 21:36:07 test ./bild.py:84 bilder.py:76] diff /tmp/expected_print.c /tmp/print.c
[04/06/15 21:36:07 test ./bild.py:84 bilder.py:78] diff tests/cs652/j/print.txt /tmp/print.txt
[04/06/15 21:36:07 test ./bild.py:84 bild.py:55] TEST tests/cs652/j/qcall.j
[04/06/15 21:36:07 java ./bild.py:64 bilder.py:485] java -cp out:resources:/Users/Shuai/.bild/jars/antlr-4.5-complete.jar cs652.j.JTran -o /tmp/qcall.c tests/cs652/j/qcall.j
[04/06/15 21:36:07 test ./bild.py:84 bilder.py:67] gcc -o /tmp/qcall /tmp/qcall.c
[04/06/15 21:36:07 test ./bild.py:84 bild.py:68] /tmp/qcall &> /tmp/qcall.txt
[04/06/15 21:36:07 test ./bild.py:84 bilder.py:73] gindent -bap -bad -br -nce -ncs -nprs -npcs -sai -saw -di1 -brs -blf --indent-level4 -nut -sob -l200 /tmp/qcall.c
[04/06/15 21:36:08 test ./bild.py:84 bilder.py:75] gindent -bap -bad -br -nce -ncs -nprs -npcs -sai -saw -di1 -brs -blf --indent-level4 -nut -sob -l200 tests/cs652/j/qcall.c -o /tmp/expected_qcall.c
[04/06/15 21:36:08 test ./bild.py:84 bilder.py:76] diff /tmp/expected_qcall.c /tmp/qcall.c
[04/06/15 21:36:08 test ./bild.py:84 bilder.py:78] diff tests/cs652/j/qcall.txt /tmp/qcall.txt
[04/06/15 21:36:08 test ./bild.py:84 bild.py:55] TEST tests/cs652/j/Return.j
[04/06/15 21:36:08 java ./bild.py:64 bilder.py:485] java -cp out:resources:/Users/Shuai/.bild/jars/antlr-4.5-complete.jar cs652.j.JTran -o /tmp/Return.c tests/cs652/j/Return.j
[04/06/15 21:36:08 test ./bild.py:84 bilder.py:67] gcc -o /tmp/Return /tmp/Return.c
[04/06/15 21:36:08 test ./bild.py:84 bild.py:68] /tmp/Return &> /tmp/Return.txt
[04/06/15 21:36:08 test ./bild.py:84 bilder.py:73] gindent -bap -bad -br -nce -ncs -nprs -npcs -sai -saw -di1 -brs -blf --indent-level4 -nut -sob -l200 /tmp/Return.c
[04/06/15 21:36:08 test ./bild.py:84 bilder.py:75] gindent -bap -bad -br -nce -ncs -nprs -npcs -sai -saw -di1 -brs -blf --indent-level4 -nut -sob -l200 tests/cs652/j/Return.c -o /tmp/expected_Return.c
[04/06/15 21:36:08 test ./bild.py:84 bilder.py:76] diff /tmp/expected_Return.c /tmp/Return.c
[04/06/15 21:36:08 test ./bild.py:84 bilder.py:78] diff tests/cs652/j/Return.txt /tmp/Return.txt
[04/06/15 21:36:08 test ./bild.py:84 bild.py:55] TEST tests/cs652/j/retval.j
[04/06/15 21:36:08 java ./bild.py:64 bilder.py:485] java -cp out:resources:/Users/Shuai/.bild/jars/antlr-4.5-complete.jar cs652.j.JTran -o /tmp/retval.c tests/cs652/j/retval.j
[04/06/15 21:36:09 test ./bild.py:84 bilder.py:67] gcc -o /tmp/retval /tmp/retval.c
[04/06/15 21:36:09 test ./bild.py:84 bild.py:68] /tmp/retval &> /tmp/retval.txt
[04/06/15 21:36:09 test ./bild.py:84 bilder.py:73] gindent -bap -bad -br -nce -ncs -nprs -npcs -sai -saw -di1 -brs -blf --indent-level4 -nut -sob -l200 /tmp/retval.c
[04/06/15 21:36:09 test ./bild.py:84 bilder.py:75] gindent -bap -bad -br -nce -ncs -nprs -npcs -sai -saw -di1 -brs -blf --indent-level4 -nut -sob -l200 tests/cs652/j/retval.c -o /tmp/expected_retval.c
[04/06/15 21:36:09 test ./bild.py:84 bilder.py:76] diff /tmp/expected_retval.c /tmp/retval.c
[04/06/15 21:36:09 test ./bild.py:84 bilder.py:78] diff tests/cs652/j/retval.txt /tmp/retval.txt
[04/06/15 21:36:09 test ./bild.py:84 bild.py:55] TEST tests/cs652/j/symtab.j
[04/06/15 21:36:09 java ./bild.py:64 bilder.py:485] java -cp out:resources:/Users/Shuai/.bild/jars/antlr-4.5-complete.jar cs652.j.JTran -o /tmp/symtab.c tests/cs652/j/symtab.j
[04/06/15 21:36:09 test ./bild.py:84 bilder.py:67] gcc -o /tmp/symtab /tmp/symtab.c
[04/06/15 21:36:09 test ./bild.py:84 bild.py:68] /tmp/symtab &> /tmp/symtab.txt
[04/06/15 21:36:09 test ./bild.py:84 bilder.py:73] gindent -bap -bad -br -nce -ncs -nprs -npcs -sai -saw -di1 -brs -blf --indent-level4 -nut -sob -l200 /tmp/symtab.c
[04/06/15 21:36:09 test ./bild.py:84 bilder.py:75] gindent -bap -bad -br -nce -ncs -nprs -npcs -sai -saw -di1 -brs -blf --indent-level4 -nut -sob -l200 tests/cs652/j/symtab.c -o /tmp/expected_symtab.c
[04/06/15 21:36:09 test ./bild.py:84 bilder.py:76] diff /tmp/expected_symtab.c /tmp/symtab.c
[04/06/15 21:36:09 test ./bild.py:84 bilder.py:78] diff tests/cs652/j/symtab.txt /tmp/symtab.txt
[04/06/15 21:36:09 test ./bild.py:84 bild.py:55] TEST tests/cs652/j/TwoClasses.j
[04/06/15 21:36:09 java ./bild.py:64 bilder.py:485] java -cp out:resources:/Users/Shuai/.bild/jars/antlr-4.5-complete.jar cs652.j.JTran -o /tmp/TwoClasses.c tests/cs652/j/TwoClasses.j
[04/06/15 21:36:10 test ./bild.py:84 bilder.py:67] gcc -o /tmp/TwoClasses /tmp/TwoClasses.c
[04/06/15 21:36:10 test ./bild.py:84 bild.py:68] /tmp/TwoClasses &> /tmp/TwoClasses.txt
[04/06/15 21:36:10 test ./bild.py:84 bilder.py:73] gindent -bap -bad -br -nce -ncs -nprs -npcs -sai -saw -di1 -brs -blf --indent-level4 -nut -sob -l200 /tmp/TwoClasses.c
[04/06/15 21:36:10 test ./bild.py:84 bilder.py:75] gindent -bap -bad -br -nce -ncs -nprs -npcs -sai -saw -di1 -brs -blf --indent-level4 -nut -sob -l200 tests/cs652/j/TwoClasses.c -o /tmp/expected_TwoClasses.c
[04/06/15 21:36:10 test ./bild.py:84 bilder.py:76] diff /tmp/expected_TwoClasses.c /tmp/TwoClasses.c
[04/06/15 21:36:10 test ./bild.py:84 bilder.py:78] diff tests/cs652/j/TwoClasses.txt /tmp/TwoClasses.txt
[04/06/15 21:36:10 test ./bild.py:84 bild.py:55] TEST tests/cs652/j/vehicle.j
[04/06/15 21:36:10 java ./bild.py:64 bilder.py:485] java -cp out:resources:/Users/Shuai/.bild/jars/antlr-4.5-complete.jar cs652.j.JTran -o /tmp/vehicle.c tests/cs652/j/vehicle.j
[04/06/15 21:36:10 test ./bild.py:84 bilder.py:67] gcc -o /tmp/vehicle /tmp/vehicle.c
[04/06/15 21:36:11 test ./bild.py:84 bild.py:68] /tmp/vehicle &> /tmp/vehicle.txt
[04/06/15 21:36:11 test ./bild.py:84 bilder.py:73] gindent -bap -bad -br -nce -ncs -nprs -npcs -sai -saw -di1 -brs -blf --indent-level4 -nut -sob -l200 /tmp/vehicle.c
[04/06/15 21:36:11 test ./bild.py:84 bilder.py:75] gindent -bap -bad -br -nce -ncs -nprs -npcs -sai -saw -di1 -brs -blf --indent-level4 -nut -sob -l200 tests/cs652/j/vehicle.c -o /tmp/expected_vehicle.c
[04/06/15 21:36:11 test ./bild.py:84 bilder.py:76] diff /tmp/expected_vehicle.c /tmp/vehicle.c
[04/06/15 21:36:11 test ./bild.py:84 bilder.py:78] diff tests/cs652/j/vehicle.txt /tmp/vehicle.txt
[04/06/15 21:36:11 test ./bild.py:84 bild.py:55] TEST tests/cs652/j/vtable_check.j
[04/06/15 21:36:11 java ./bild.py:64 bilder.py:485] java -cp out:resources:/Users/Shuai/.bild/jars/antlr-4.5-complete.jar cs652.j.JTran -o /tmp/vtable_check.c tests/cs652/j/vtable_check.j
[04/06/15 21:36:11 test ./bild.py:84 bilder.py:67] gcc -o /tmp/vtable_check /tmp/vtable_check.c
[04/06/15 21:36:11 test ./bild.py:84 bild.py:68] /tmp/vtable_check &> /tmp/vtable_check.txt
[04/06/15 21:36:11 test ./bild.py:84 bilder.py:73] gindent -bap -bad -br -nce -ncs -nprs -npcs -sai -saw -di1 -brs -blf --indent-level4 -nut -sob -l200 /tmp/vtable_check.c
[04/06/15 21:36:11 test ./bild.py:84 bilder.py:75] gindent -bap -bad -br -nce -ncs -nprs -npcs -sai -saw -di1 -brs -blf --indent-level4 -nut -sob -l200 tests/cs652/j/vtable_check.c -o /tmp/expected_vtable_check.c
[04/06/15 21:36:11 test ./bild.py:84 bilder.py:76] diff /tmp/expected_vtable_check.c /tmp/vtable_check.c
[04/06/15 21:36:11 test ./bild.py:84 bilder.py:78] diff tests/cs652/j/vtable_check.txt /tmp/vtable_check.txt
[04/06/15 21:36:11 test ./bild.py:84 bild.py:55] TEST tests/cs652/j/while.j
[04/06/15 21:36:11 java ./bild.py:64 bilder.py:485] java -cp out:resources:/Users/Shuai/.bild/jars/antlr-4.5-complete.jar cs652.j.JTran -o /tmp/while.c tests/cs652/j/while.j
[04/06/15 21:36:12 test ./bild.py:84 bilder.py:67] gcc -o /tmp/while /tmp/while.c
[04/06/15 21:36:12 test ./bild.py:84 bild.py:68] /tmp/while &> /tmp/while.txt
[04/06/15 21:36:12 test ./bild.py:84 bilder.py:73] gindent -bap -bad -br -nce -ncs -nprs -npcs -sai -saw -di1 -brs -blf --indent-level4 -nut -sob -l200 /tmp/while.c
[04/06/15 21:36:12 test ./bild.py:84 bilder.py:75] gindent -bap -bad -br -nce -ncs -nprs -npcs -sai -saw -di1 -brs -blf --indent-level4 -nut -sob -l200 tests/cs652/j/while.c -o /tmp/expected_while.c
[04/06/15 21:36:12 test ./bild.py:84 bilder.py:76] diff /tmp/expected_while.c /tmp/while.c
[04/06/15 21:36:12 test ./bild.py:84 bilder.py:78] diff tests/cs652/j/while.txt /tmp/while.txt
